# JRE version: Java(TM) SE Runtime Environment 18.9 (11.0.20+9) (build 11.0.20+9-LTS-256)
# Java VM: Java HotSpot(TM) 64-Bit Server VM 18.9 (11.0.20+9-LTS-256, mixed mode, tiered, compressed oops, g1 gc, windows-amd64)
Heap:
 garbage-first heap   total 262144K, used 127011K [0x00000000e0000000, 0x0000000100000000)
  region size 1024K, 96 young (98304K), 11 survivors (11264K)
 Metaspace       used 60963K, capacity 63190K, committed 63440K, reserved 440320K
  class space    used 8127K, capacity 9022K, committed 9088K, reserved 385024K
GC Heap History (10 events):
Event: 9.521 GC heap before
{Heap before GC invocations=4 (full 0):
 garbage-first heap   total 262144K, used 94916K [0x00000000e0000000, 0x0000000100000000)
  region size 1024K, 75 young (76800K), 2 survivors (2048K)
 Metaspace       used 28511K, capacity 29271K, committed 29360K, reserved 411648K
  class space    used 3744K, capacity 4023K, committed 4096K, reserved 385024K
}
Event: 9.526 GC heap after
{Heap after GC invocations=5 (full 0):
 garbage-first heap   total 262144K, used 22204K [0x00000000e0000000, 0x0000000100000000)
  region size 1024K, 4 young (4096K), 4 survivors (4096K)
 Metaspace       used 28511K, capacity 29271K, committed 29360K, reserved 411648K
  class space    used 3744K, capacity 4023K, committed 4096K, reserved 385024K
}
Event: 10.699 GC heap before
{Heap before GC invocations=5 (full 0):
 garbage-first heap   total 262144K, used 94908K [0x00000000e0000000, 0x0000000100000000)
  region size 1024K, 76 young (77824K), 4 survivors (4096K)
 Metaspace       used 34865K, capacity 35852K, committed 35920K, reserved 417792K
  class space    used 4701K, capacity 5094K, committed 5120K, reserved 385024K
}
Event: 10.707 GC heap after
{Heap after GC invocations=6 (full 0):
 garbage-first heap   total 262144K, used 24122K [0x00000000e0000000, 0x0000000100000000)
  region size 1024K, 6 young (6144K), 6 survivors (6144K)
 Metaspace       used 34865K, capacity 35852K, committed 35920K, reserved 417792K
  class space    used 4701K, capacity 5094K, committed 5120K, reserved 385024K
}
Event: 13.008 GC heap before
{Heap before GC invocations=7 (full 0):
 garbage-first heap   total 262144K, used 158266K [0x00000000e0000000, 0x0000000100000000)
  region size 1024K, 131 young (134144K), 6 survivors (6144K)
 Metaspace       used 47429K, capacity 48661K, committed 48720K, reserved 428032K
  class space    used 6142K, capacity 6636K, committed 6656K, reserved 385024K
}
Event: 13.028 GC heap after
{Heap after GC invocations=8 (full 0):
 garbage-first heap   total 262144K, used 32012K [0x00000000e0000000, 0x0000000100000000)
  region size 1024K, 13 young (13312K), 13 survivors (13312K)
 Metaspace       used 47429K, capacity 48661K, committed 48720K, reserved 428032K
  class space    used 6142K, capacity 6636K, committed 6656K, reserved 385024K
}
Event: 16.560 GC heap before
{Heap before GC invocations=8 (full 0):
 garbage-first heap   total 262144K, used 175372K [0x00000000e0000000, 0x0000000100000000)
  region size 1024K, 153 young (156672K), 13 survivors (13312K)
 Metaspace       used 55272K, capacity 57129K, committed 57424K, reserved 436224K
  class space    used 7378K, capacity 8122K, committed 8192K, reserved 385024K
}
Event: 16.585 GC heap after
{Heap after GC invocations=9 (full 0):
 garbage-first heap   total 262144K, used 38753K [0x00000000e0000000, 0x0000000100000000)
  region size 1024K, 17 young (17408K), 17 survivors (17408K)
 Metaspace       used 55272K, capacity 57129K, committed 57424K, reserved 436224K
  class space    used 7378K, capacity 8122K, committed 8192K, reserved 385024K
}
Event: 17.882 GC heap before
{Heap before GC invocations=9 (full 0):
 garbage-first heap   total 262144K, used 80737K [0x00000000e0000000, 0x0000000100000000)
  region size 1024K, 59 young (60416K), 17 survivors (17408K)
 Metaspace       used 58133K, capacity 60170K, committed 60240K, reserved 438272K
  class space    used 7853K, capacity 8659K, committed 8704K, reserved 385024K
}
Event: 17.909 GC heap after
{Heap after GC invocations=10 (full 0):
 garbage-first heap   total 262144K, used 42019K [0x00000000e0000000, 0x0000000100000000)
  region size 1024K, 11 young (11264K), 11 survivors (11264K)
 Metaspace       used 58133K, capacity 60170K, committed 60240K, reserved 438272K
  class space    used 7853K, capacity 8659K, committed 8704K, reserved 385024K
}

